ToggleButtonSample/build/outputs/logs/manifest-merger-debug-report.txt
-- Merging decision tree log ---
manifest
ADDED from ManE\ToggleButtonSample\AndroidManifest.xml:2:1-26:12
	package
		ADDED from ManE\ToggleButtonSample\AndroidManifest.xml:3:5-42
	android:versionName
		ADDED from ManE\ToggleButtonSample\AndroidManifest.xml:5:5-30
		INJECTED from ManE\ToggleButtonSample\AndroidManifest.xml
		INJECTED from ManE\ToggleButtonSample\AndroidManifest.xml
	android:versionCode
		ADDED from ManE\ToggleButtonSample\AndroidManifest.xml:4:5-28
		INJECTED from ManE\ToggleButtonSample\AndroidManifest.xml
		INJECTED from ManE\ToggleButtonSample\AndroidManifest.xml
	xmlns:android
		ADDED from ManE\ToggleButtonSample\AndroidManifest.xml:2:11-69
uses-sdk
ADDED from ManE\ToggleButtonSample\AndroidManifest.xml:7:5-9:41
MERGED from [ManE:ToggleButtonLib:unspecified] AndroidManifest.xml:7:5-9:41
MERGED from [com.facebook.android:facebook-android-sdk:4.1.1] AndroidManifest.xml:24:5-26:41
MERGED from [com.android.support:support-v4:21.0.3] AndroidManifest.xml:15:5-42
	android:targetSdkVersion
		ADDED from ManE\ToggleButtonSample\AndroidManifest.xml:9:9-38
		INJECTED from ManE\ToggleButtonSample\AndroidManifest.xml
		INJECTED from ManE\ToggleButtonSample\AndroidManifest.xml
	android:minSdkVersion
		ADDED from ManE\ToggleButtonSample\AndroidManifest.xml:8:9-34
		INJECTED from ManE\ToggleButtonSample\AndroidManifest.xml
		INJECTED from ManE\ToggleButtonSample\AndroidManifest.xml
application
ADDED from ManE\ToggleButtonSample\AndroidManifest.xml:11:5-24:19
MERGED from [com.facebook.android:facebook-android-sdk:4.1.1] AndroidManifest.xml:28:5-20
MERGED from [com.android.support:support-v4:21.0.3] AndroidManifest.xml:16:5-19
	android:label
		ADDED from ManE\ToggleButtonSample\AndroidManifest.xml:14:9-41
	android:allowBackup
		ADDED from ManE\ToggleButtonSample\AndroidManifest.xml:12:9-35
	android:icon
		ADDED from ManE\ToggleButtonSample\AndroidManifest.xml:13:9-45
activity#com.zcw.togglebutton.sample.MainActivity
ADDED from ManE\ToggleButtonSample\AndroidManifest.xml:15:9-23:20
	android:label
		ADDED from ManE\ToggleButtonSample\AndroidManifest.xml:17:13-45
	android:name
		ADDED from ManE\ToggleButtonSample\AndroidManifest.xml:16:13-41
intent-filter#android.intent.action.MAIN+android.intent.category.LAUNCHER
ADDED from ManE\ToggleButtonSample\AndroidManifest.xml:18:13-22:29
action#android.intent.action.MAIN
ADDED from ManE\ToggleButtonSample\AndroidManifest.xml:19:17-69
	android:name
		ADDED from ManE\ToggleButtonSample\AndroidManifest.xml:19:25-66
category#android.intent.category.LAUNCHER
ADDED from ManE\ToggleButtonSample\AndroidManifest.xml:21:17-77
	android:name
		ADDED from ManE\ToggleButtonSample\AndroidManifest.xml:21:27-74